# JRE version: OpenJDK Runtime Environment Temurin-17.0.13+11 (17.0.13+11) (build 17.0.13+11)
# Java VM: OpenJDK 64-Bit Server VM Temurin-17.0.13+11 (17.0.13+11, mixed mode, tiered, compressed oops, compressed class ptrs, parallel gc, windows-amd64)
GC Precious Log:
 CPUs: 4 total, 4 available
 Memory: 3997M
 Large Page Support: Disabled
 NUMA Support: Disabled
 Compressed Oops: Enabled (32-bit)
 Alignments: Space 512K, Generation 512K, Heap 2M
 Heap Min Capacity: 100M
 Heap Initial Capacity: 100M
 Heap Max Capacity: 1G
 Pre-touch: Disabled
 Parallel Workers: 4
Heap:
 PSYoungGen      total 3072K, used 1979K [0x00000000eab00000, 0x00000000eb080000, 0x0000000100000000)
  eden space 1536K, 38% used [0x00000000eab00000,0x00000000eab94e90,0x00000000eac80000)
  from space 1536K, 90% used [0x00000000eac80000,0x00000000eadda000,0x00000000eae00000)
  to   space 2048K, 0% used [0x00000000eae80000,0x00000000eae80000,0x00000000eb080000)
 ParOldGen       total 133632K, used 117995K [0x00000000c0000000, 0x00000000c8280000, 0x00000000eab00000)
  object space 133632K, 88% used [0x00000000c0000000,0x00000000c733ae70,0x00000000c8280000)
 Metaspace       used 91616K, committed 92928K, reserved 1179648K
  class space    used 9039K, committed 9664K, reserved 1048576K
GC Heap History (20 events):
Event: 3649.282 GC heap before
{Heap before GC invocations=6103 (full 109):
 PSYoungGen      total 3072K, used 2952K [0x00000000eab00000, 0x00000000eb000000, 0x0000000100000000)
  eden space 2048K, 94% used [0x00000000eab00000,0x00000000eace6208,0x00000000ead00000)
  from space 1024K, 98% used [0x00000000ead00000,0x00000000eadfc030,0x00000000eae00000)
  to   space 1536K, 0% used [0x00000000eae80000,0x00000000eae80000,0x00000000eb000000)
 ParOldGen       total 130560K, used 125398K [0x00000000c0000000, 0x00000000c7f80000, 0x00000000eab00000)
  object space 130560K, 96% used [0x00000000c0000000,0x00000000c7a75800,0x00000000c7f80000)
 Metaspace       used 91592K, committed 92864K, reserved 1179648K
  class space    used 9037K, committed 9664K, reserved 1048576K
}
Event: 3649.284 GC heap after
{Heap after GC invocations=6103 (full 109):
 PSYoungGen      total 2560K, used 448K [0x00000000eab00000, 0x00000000eaf00000, 0x0000000100000000)
  eden space 2048K, 0% used [0x00000000eab00000,0x00000000eab00000,0x00000000ead00000)
  from space 512K, 87% used [0x00000000eae80000,0x00000000eaef0000,0x00000000eaf00000)
  to   space 1024K, 0% used [0x00000000ead00000,0x00000000ead00000,0x00000000eae00000)
 ParOldGen       total 130560K, used 125422K [0x00000000c0000000, 0x00000000c7f80000, 0x00000000eab00000)
  object space 130560K, 96% used [0x00000000c0000000,0x00000000c7a7b800,0x00000000c7f80000)
 Metaspace       used 91592K, committed 92864K, reserved 1179648K
  class space    used 9037K, committed 9664K, reserved 1048576K
}
Event: 3649.307 GC heap before
{Heap before GC invocations=6104 (full 109):
 PSYoungGen      total 2560K, used 2496K [0x00000000eab00000, 0x00000000eaf00000, 0x0000000100000000)
  eden space 2048K, 100% used [0x00000000eab00000,0x00000000ead00000,0x00000000ead00000)
  from space 512K, 87% used [0x00000000eae80000,0x00000000eaef0000,0x00000000eaf00000)
  to   space 1024K, 0% used [0x00000000ead00000,0x00000000ead00000,0x00000000eae00000)
 ParOldGen       total 130560K, used 125422K [0x00000000c0000000, 0x00000000c7f80000, 0x00000000eab00000)
  object space 130560K, 96% used [0x00000000c0000000,0x00000000c7a7b800,0x00000000c7f80000)
 Metaspace       used 91592K, committed 92864K, reserved 1179648K
  class space    used 9037K, committed 9664K, reserved 1048576K
}
Event: 3649.314 GC heap after
{Heap after GC invocations=6104 (full 109):
 PSYoungGen      total 3072K, used 1000K [0x00000000eab00000, 0x00000000eb300000, 0x0000000100000000)
  eden space 2048K, 0% used [0x00000000eab00000,0x00000000eab00000,0x00000000ead00000)
  from space 1024K, 97% used [0x00000000ead00000,0x00000000eadfa170,0x00000000eae00000)
  to   space 3072K, 0% used [0x00000000eb000000,0x00000000eb000000,0x00000000eb300000)
 ParOldGen       total 130560K, used 126782K [0x00000000c0000000, 0x00000000c7f80000, 0x00000000eab00000)
  object space 130560K, 97% used [0x00000000c0000000,0x00000000c7bcf970,0x00000000c7f80000)
 Metaspace       used 91592K, committed 92864K, reserved 1179648K
  class space    used 9037K, committed 9664K, reserved 1048576K
}
Event: 3649.353 GC heap before
{Heap before GC invocations=6105 (full 109):
 PSYoungGen      total 3072K, used 3048K [0x00000000eab00000, 0x00000000eb300000, 0x0000000100000000)
  eden space 2048K, 100% used [0x00000000eab00000,0x00000000ead00000,0x00000000ead00000)
  from space 1024K, 97% used [0x00000000ead00000,0x00000000eadfa170,0x00000000eae00000)
  to   space 3072K, 0% used [0x00000000eb000000,0x00000000eb000000,0x00000000eb300000)
 ParOldGen       total 130560K, used 126782K [0x00000000c0000000, 0x00000000c7f80000, 0x00000000eab00000)
  object space 130560K, 97% used [0x00000000c0000000,0x00000000c7bcf970,0x00000000c7f80000)
 Metaspace       used 91592K, committed 92864K, reserved 1179648K
  class space    used 9037K, committed 9664K, reserved 1048576K
}
Event: 3649.361 GC heap after
{Heap after GC invocations=6105 (full 109):
 PSYoungGen      total 5120K, used 2824K [0x00000000eab00000, 0x00000000eb380000, 0x0000000100000000)
  eden space 2048K, 0% used [0x00000000eab00000,0x00000000eab00000,0x00000000ead00000)
  from space 3072K, 91% used [0x00000000eb000000,0x00000000eb2c2170,0x00000000eb300000)
  to   space 3072K, 0% used [0x00000000ead00000,0x00000000ead00000,0x00000000eb000000)
 ParOldGen       total 130560K, used 126790K [0x00000000c0000000, 0x00000000c7f80000, 0x00000000eab00000)
  object space 130560K, 97% used [0x00000000c0000000,0x00000000c7bd1970,0x00000000c7f80000)
 Metaspace       used 91592K, committed 92864K, reserved 1179648K
  class space    used 9037K, committed 9664K, reserved 1048576K
}
Event: 3649.377 GC heap before
{Heap before GC invocations=6106 (full 109):
 PSYoungGen      total 5120K, used 4872K [0x00000000eab00000, 0x00000000eb380000, 0x0000000100000000)
  eden space 2048K, 100% used [0x00000000eab00000,0x00000000ead00000,0x00000000ead00000)
  from space 3072K, 91% used [0x00000000eb000000,0x00000000eb2c2170,0x00000000eb300000)
  to   space 3072K, 0% used [0x00000000ead00000,0x00000000ead00000,0x00000000eb000000)
 ParOldGen       total 130560K, used 126790K [0x00000000c0000000, 0x00000000c7f80000, 0x00000000eab00000)
  object space 130560K, 97% used [0x00000000c0000000,0x00000000c7bd1970,0x00000000c7f80000)
 Metaspace       used 91592K, committed 92864K, reserved 1179648K
  class space    used 9037K, committed 9664K, reserved 1048576K
}
Event: 3649.389 GC heap after
{Heap after GC invocations=6106 (full 109):
 PSYoungGen      total 5120K, used 2904K [0x00000000eab00000, 0x00000000eb380000, 0x0000000100000000)
  eden space 2048K, 0% used [0x00000000eab00000,0x00000000eab00000,0x00000000ead00000)
  from space 3072K, 94% used [0x00000000ead00000,0x00000000eafd6180,0x00000000eb000000)
  to   space 3072K, 0% used [0x00000000eb080000,0x00000000eb080000,0x00000000eb380000)
 ParOldGen       total 130560K, used 127163K [0x00000000c0000000, 0x00000000c7f80000, 0x00000000eab00000)
  object space 130560K, 97% used [0x00000000c0000000,0x00000000c7c2ee00,0x00000000c7f80000)
 Metaspace       used 91592K, committed 92864K, reserved 1179648K
  class space    used 9037K, committed 9664K, reserved 1048576K
}
Event: 3649.526 GC heap before
{Heap before GC invocations=6107 (full 109):
 PSYoungGen      total 5120K, used 4952K [0x00000000eab00000, 0x00000000eb380000, 0x0000000100000000)
  eden space 2048K, 100% used [0x00000000eab00000,0x00000000ead00000,0x00000000ead00000)
  from space 3072K, 94% used [0x00000000ead00000,0x00000000eafd6180,0x00000000eb000000)
  to   space 3072K, 0% used [0x00000000eb080000,0x00000000eb080000,0x00000000eb380000)
 ParOldGen       total 130560K, used 127163K [0x00000000c0000000, 0x00000000c7f80000, 0x00000000eab00000)
  object space 130560K, 97% used [0x00000000c0000000,0x00000000c7c2ee00,0x00000000c7f80000)
 Metaspace       used 91592K, committed 92864K, reserved 1179648K
  class space    used 9037K, committed 9664K, reserved 1048576K
}
Event: 3649.532 GC heap after
{Heap after GC invocations=6107 (full 109):
 PSYoungGen      total 3584K, used 656K [0x00000000eab00000, 0x00000000eb180000, 0x0000000100000000)
  eden space 2560K, 0% used [0x00000000eab00000,0x00000000eab00000,0x00000000ead80000)
  from space 1024K, 64% used [0x00000000eb080000,0x00000000eb124010,0x00000000eb180000)
  to   space 1536K, 0% used [0x00000000eae80000,0x00000000eae80000,0x00000000eb000000)
 ParOldGen       total 130560K, used 129587K [0x00000000c0000000, 0x00000000c7f80000, 0x00000000eab00000)
  object space 130560K, 99% used [0x00000000c0000000,0x00000000c7e8cf70,0x00000000c7f80000)
 Metaspace       used 91592K, committed 92864K, reserved 1179648K
  class space    used 9037K, committed 9664K, reserved 1048576K
}
Event: 3649.574 GC heap before
{Heap before GC invocations=6108 (full 110):
 PSYoungGen      total 3584K, used 3216K [0x00000000eab00000, 0x00000000eb180000, 0x0000000100000000)
  eden space 2560K, 100% used [0x00000000eab00000,0x00000000ead80000,0x00000000ead80000)
  from space 1024K, 64% used [0x00000000eb080000,0x00000000eb124010,0x00000000eb180000)
  to   space 1536K, 0% used [0x00000000eae80000,0x00000000eae80000,0x00000000eb000000)
 ParOldGen       total 130560K, used 129587K [0x00000000c0000000, 0x00000000c7f80000, 0x00000000eab00000)
  object space 130560K, 99% used [0x00000000c0000000,0x00000000c7e8cf70,0x00000000c7f80000)
 Metaspace       used 91601K, committed 92928K, reserved 1179648K
  class space    used 9037K, committed 9664K, reserved 1048576K
}
Event: 3649.939 GC heap after
{Heap after GC invocations=6108 (full 110):
 PSYoungGen      total 3584K, used 0K [0x00000000eab00000, 0x00000000eb100000, 0x0000000100000000)
  eden space 3072K, 0% used [0x00000000eab00000,0x00000000eab00000,0x00000000eae00000)
  from space 512K, 0% used [0x00000000eae80000,0x00000000eae80000,0x00000000eaf00000)
  to   space 1536K, 0% used [0x00000000eaf80000,0x00000000eaf80000,0x00000000eb100000)
 ParOldGen       total 133632K, used 108382K [0x00000000c0000000, 0x00000000c8280000, 0x00000000eab00000)
  object space 133632K, 81% used [0x00000000c0000000,0x00000000c69d7890,0x00000000c8280000)
 Metaspace       used 91601K, committed 92928K, reserved 1179648K
  class space    used 9037K, committed 9664K, reserved 1048576K
}
Event: 3649.959 GC heap before
{Heap before GC invocations=6109 (full 110):
 PSYoungGen      total 3584K, used 3072K [0x00000000eab00000, 0x00000000eb100000, 0x0000000100000000)
  eden space 3072K, 100% used [0x00000000eab00000,0x00000000eae00000,0x00000000eae00000)
  from space 512K, 0% used [0x00000000eae80000,0x00000000eae80000,0x00000000eaf00000)
  to   space 1536K, 0% used [0x00000000eaf80000,0x00000000eaf80000,0x00000000eb100000)
 ParOldGen       total 133632K, used 108382K [0x00000000c0000000, 0x00000000c8280000, 0x00000000eab00000)
  object space 133632K, 81% used [0x00000000c0000000,0x00000000c69d7890,0x00000000c8280000)
 Metaspace       used 91601K, committed 92928K, reserved 1179648K
  class space    used 9037K, committed 9664K, reserved 1048576K
}
Event: 3649.962 GC heap after
{Heap after GC invocations=6109 (full 110):
 PSYoungGen      total 4096K, used 704K [0x00000000eab00000, 0x00000000eb080000, 0x0000000100000000)
  eden space 3072K, 0% used [0x00000000eab00000,0x00000000eab00000,0x00000000eae00000)
  from space 1024K, 68% used [0x00000000eaf80000,0x00000000eb030000,0x00000000eb080000)
  to   space 1024K, 0% used [0x00000000eae80000,0x00000000eae80000,0x00000000eaf80000)
 ParOldGen       total 133632K, used 108382K [0x00000000c0000000, 0x00000000c8280000, 0x00000000eab00000)
  object space 133632K, 81% used [0x00000000c0000000,0x00000000c69d7890,0x00000000c8280000)
 Metaspace       used 91601K, committed 92928K, reserved 1179648K
  class space    used 9037K, committed 9664K, reserved 1048576K
}
Event: 3650.023 GC heap before
{Heap before GC invocations=6110 (full 110):
 PSYoungGen      total 4096K, used 3775K [0x00000000eab00000, 0x00000000eb080000, 0x0000000100000000)
  eden space 3072K, 99% used [0x00000000eab00000,0x00000000eadffff8,0x00000000eae00000)
  from space 1024K, 68% used [0x00000000eaf80000,0x00000000eb030000,0x00000000eb080000)
  to   space 1024K, 0% used [0x00000000eae80000,0x00000000eae80000,0x00000000eaf80000)
 ParOldGen       total 133632K, used 108382K [0x00000000c0000000, 0x00000000c8280000, 0x00000000eab00000)
  object space 133632K, 81% used [0x00000000c0000000,0x00000000c69d7890,0x00000000c8280000)
 Metaspace       used 91606K, committed 92928K, reserved 1179648K
  class space    used 9037K, committed 9664K, reserved 1048576K
}
Event: 3650.027 GC heap after
{Heap after GC invocations=6110 (full 110):
 PSYoungGen      total 4096K, used 544K [0x00000000eab00000, 0x00000000eb000000, 0x0000000100000000)
  eden space 3072K, 0% used [0x00000000eab00000,0x00000000eab00000,0x00000000eae00000)
  from space 1024K, 53% used [0x00000000eae80000,0x00000000eaf08000,0x00000000eaf80000)
  to   space 512K, 0% used [0x00000000eaf80000,0x00000000eaf80000,0x00000000eb000000)
 ParOldGen       total 133632K, used 108786K [0x00000000c0000000, 0x00000000c8280000, 0x00000000eab00000)
  object space 133632K, 81% used [0x00000000c0000000,0x00000000c6a3cb30,0x00000000c8280000)
 Metaspace       used 91606K, committed 92928K, reserved 1179648K
  class space    used 9037K, committed 9664K, reserved 1048576K
}
Event: 3650.100 GC heap before
{Heap before GC invocations=6111 (full 110):
 PSYoungGen      total 4096K, used 3616K [0x00000000eab00000, 0x00000000eb000000, 0x0000000100000000)
  eden space 3072K, 100% used [0x00000000eab00000,0x00000000eae00000,0x00000000eae00000)
  from space 1024K, 53% used [0x00000000eae80000,0x00000000eaf08000,0x00000000eaf80000)
  to   space 512K, 0% used [0x00000000eaf80000,0x00000000eaf80000,0x00000000eb000000)
 ParOldGen       total 133632K, used 108786K [0x00000000c0000000, 0x00000000c8280000, 0x00000000eab00000)
  object space 133632K, 81% used [0x00000000c0000000,0x00000000c6a3cb30,0x00000000c8280000)
 Metaspace       used 91606K, committed 92928K, reserved 1179648K
  class space    used 9037K, committed 9664K, reserved 1048576K
}
Event: 3650.119 GC heap after
{Heap after GC invocations=6111 (full 110):
 PSYoungGen      total 4096K, used 512K [0x00000000eab00000, 0x00000000eb100000, 0x0000000100000000)
  eden space 3584K, 0% used [0x00000000eab00000,0x00000000eab00000,0x00000000eae80000)
  from space 512K, 100% used [0x00000000eaf80000,0x00000000eb000000,0x00000000eb000000)
  to   space 1024K, 0% used [0x00000000eae80000,0x00000000eae80000,0x00000000eaf80000)
 ParOldGen       total 133632K, used 108875K [0x00000000c0000000, 0x00000000c8280000, 0x00000000eab00000)
  object space 133632K, 81% used [0x00000000c0000000,0x00000000c6a52dc0,0x00000000c8280000)
 Metaspace       used 91606K, committed 92928K, reserved 1179648K
  class space    used 9037K, committed 9664K, reserved 1048576K
}
Event: 3650.185 GC heap before
{Heap before GC invocations=6112 (full 110):
 PSYoungGen      total 4096K, used 4096K [0x00000000eab00000, 0x00000000eb100000, 0x0000000100000000)
  eden space 3584K, 100% used [0x00000000eab00000,0x00000000eae80000,0x00000000eae80000)
  from space 512K, 100% used [0x00000000eaf80000,0x00000000eb000000,0x00000000eb000000)
  to   space 1024K, 0% used [0x00000000eae80000,0x00000000eae80000,0x00000000eaf80000)
 ParOldGen       total 133632K, used 108875K [0x00000000c0000000, 0x00000000c8280000, 0x00000000eab00000)
  object space 133632K, 81% used [0x00000000c0000000,0x00000000c6a52dc0,0x00000000c8280000)
 Metaspace       used 91616K, committed 92928K, reserved 1179648K
  class space    used 9039K, committed 9664K, reserved 1048576K
}
Event: 3650.188 GC heap after
{Heap after GC invocations=6112 (full 110):
 PSYoungGen      total 4608K, used 176K [0x00000000eab00000, 0x00000000eb000000, 0x0000000100000000)
  eden space 3584K, 0% used [0x00000000eab00000,0x00000000eab00000,0x00000000eae80000)
  from space 1024K, 17% used [0x00000000eae80000,0x00000000eaeac010,0x00000000eaf80000)
  to   space 512K, 0% used [0x00000000eaf80000,0x00000000eaf80000,0x00000000eb000000)
 ParOldGen       total 133632K, used 108891K [0x00000000c0000000, 0x00000000c8280000, 0x00000000eab00000)
  object space 133632K, 81% used [0x00000000c0000000,0x00000000c6a56dc0,0x00000000c8280000)
 Metaspace       used 91616K, committed 92928K, reserved 1179648K
  class space    used 9039K, committed 9664K, reserved 1048576K
}

